<?xml version="1.0" encoding="UTF-8"?>
<testsuite xmlns:xsi="http://www.w3.org/2001/XMLSchema-instance" xsi:noNamespaceSchemaLocation="https://maven.apache.org/surefire/maven-surefire-plugin/xsd/surefire-test-report.xsd" name="TestSuite" time="29.958" tests="1" errors="0" skipped="0" failures="0">
  <properties>
    <property name="sun.desktop" value="windows"/>
    <property name="awt.toolkit" value="sun.awt.windows.WToolkit"/>
    <property name="file.encoding.pkg" value="sun.io"/>
    <property name="java.specification.version" value="1.8"/>
    <property name="sun.cpu.isalist" value="amd64"/>
    <property name="sun.jnu.encoding" value="MS932"/>
    <property name="java.class.path" value="E:\eclipseWorkSpace\TestJenkins\target\test-classes;E:\eclipseWorkSpace\TestJenkins\target\classes;E:\apache-maven-3.5.0\.m2\org\testng\testng\6.10\testng-6.10.jar;E:\apache-maven-3.5.0\.m2\com\beust\jcommander\1.48\jcommander-1.48.jar;E:\apache-maven-3.5.0\.m2\org\seleniumhq\selenium\selenium-java\3.6.0\selenium-java-3.6.0.jar;E:\apache-maven-3.5.0\.m2\org\seleniumhq\selenium\selenium-api\3.6.0\selenium-api-3.6.0.jar;E:\apache-maven-3.5.0\.m2\org\seleniumhq\selenium\selenium-chrome-driver\3.6.0\selenium-chrome-driver-3.6.0.jar;E:\apache-maven-3.5.0\.m2\org\seleniumhq\selenium\selenium-edge-driver\3.6.0\selenium-edge-driver-3.6.0.jar;E:\apache-maven-3.5.0\.m2\org\seleniumhq\selenium\selenium-firefox-driver\3.6.0\selenium-firefox-driver-3.6.0.jar;E:\apache-maven-3.5.0\.m2\org\seleniumhq\selenium\selenium-ie-driver\3.6.0\selenium-ie-driver-3.6.0.jar;E:\apache-maven-3.5.0\.m2\org\seleniumhq\selenium\selenium-opera-driver\3.6.0\selenium-opera-driver-3.6.0.jar;E:\apache-maven-3.5.0\.m2\org\seleniumhq\selenium\selenium-remote-driver\3.6.0\selenium-remote-driver-3.6.0.jar;E:\apache-maven-3.5.0\.m2\org\seleniumhq\selenium\selenium-safari-driver\3.6.0\selenium-safari-driver-3.6.0.jar;E:\apache-maven-3.5.0\.m2\org\seleniumhq\selenium\selenium-support\3.6.0\selenium-support-3.6.0.jar;E:\apache-maven-3.5.0\.m2\net\bytebuddy\byte-buddy\1.7.5\byte-buddy-1.7.5.jar;E:\apache-maven-3.5.0\.m2\org\apache\commons\commons-exec\1.3\commons-exec-1.3.jar;E:\apache-maven-3.5.0\.m2\commons-codec\commons-codec\1.10\commons-codec-1.10.jar;E:\apache-maven-3.5.0\.m2\commons-logging\commons-logging\1.2\commons-logging-1.2.jar;E:\apache-maven-3.5.0\.m2\com\google\code\gson\gson\2.8.0\gson-2.8.0.jar;E:\apache-maven-3.5.0\.m2\com\google\guava\guava\23.0\guava-23.0.jar;E:\apache-maven-3.5.0\.m2\com\google\code\findbugs\jsr305\1.3.9\jsr305-1.3.9.jar;E:\apache-maven-3.5.0\.m2\com\google\errorprone\error_prone_annotations\2.0.18\error_prone_annotations-2.0.18.jar;E:\apache-maven-3.5.0\.m2\com\google\j2objc\j2objc-annotations\1.1\j2objc-annotations-1.1.jar;E:\apache-maven-3.5.0\.m2\org\codehaus\mojo\animal-sniffer-annotations\1.14\animal-sniffer-annotations-1.14.jar;E:\apache-maven-3.5.0\.m2\org\apache\httpcomponents\httpclient\4.5.3\httpclient-4.5.3.jar;E:\apache-maven-3.5.0\.m2\org\apache\httpcomponents\httpcore\4.4.6\httpcore-4.4.6.jar;E:\apache-maven-3.5.0\.m2\net\java\dev\jna\jna\4.1.0\jna-4.1.0.jar;E:\apache-maven-3.5.0\.m2\net\java\dev\jna\jna-platform\4.1.0\jna-platform-4.1.0.jar;E:\apache-maven-3.5.0\.m2\net\sourceforge\htmlunit\htmlunit\2.27\htmlunit-2.27.jar;E:\apache-maven-3.5.0\.m2\xalan\xalan\2.7.2\xalan-2.7.2.jar;E:\apache-maven-3.5.0\.m2\xalan\serializer\2.7.2\serializer-2.7.2.jar;E:\apache-maven-3.5.0\.m2\org\apache\commons\commons-lang3\3.5\commons-lang3-3.5.jar;E:\apache-maven-3.5.0\.m2\org\apache\httpcomponents\httpmime\4.5.3\httpmime-4.5.3.jar;E:\apache-maven-3.5.0\.m2\net\sourceforge\htmlunit\htmlunit-core-js\2.27\htmlunit-core-js-2.27.jar;E:\apache-maven-3.5.0\.m2\net\sourceforge\htmlunit\neko-htmlunit\2.27\neko-htmlunit-2.27.jar;E:\apache-maven-3.5.0\.m2\xerces\xercesImpl\2.11.0\xercesImpl-2.11.0.jar;E:\apache-maven-3.5.0\.m2\xml-apis\xml-apis\1.4.01\xml-apis-1.4.01.jar;E:\apache-maven-3.5.0\.m2\net\sourceforge\cssparser\cssparser\0.9.23\cssparser-0.9.23.jar;E:\apache-maven-3.5.0\.m2\org\w3c\css\sac\1.3\sac-1.3.jar;E:\apache-maven-3.5.0\.m2\commons-io\commons-io\2.5\commons-io-2.5.jar;E:\apache-maven-3.5.0\.m2\org\eclipse\jetty\websocket\websocket-client\9.4.5.v20170502\websocket-client-9.4.5.v20170502.jar;E:\apache-maven-3.5.0\.m2\org\eclipse\jetty\jetty-util\9.4.5.v20170502\jetty-util-9.4.5.v20170502.jar;E:\apache-maven-3.5.0\.m2\org\eclipse\jetty\jetty-io\9.4.5.v20170502\jetty-io-9.4.5.v20170502.jar;E:\apache-maven-3.5.0\.m2\org\eclipse\jetty\jetty-client\9.4.5.v20170502\jetty-client-9.4.5.v20170502.jar;E:\apache-maven-3.5.0\.m2\org\eclipse\jetty\jetty-http\9.4.5.v20170502\jetty-http-9.4.5.v20170502.jar;E:\apache-maven-3.5.0\.m2\org\eclipse\jetty\websocket\websocket-common\9.4.5.v20170502\websocket-common-9.4.5.v20170502.jar;E:\apache-maven-3.5.0\.m2\org\eclipse\jetty\websocket\websocket-api\9.4.5.v20170502\websocket-api-9.4.5.v20170502.jar;E:\apache-maven-3.5.0\.m2\org\seleniumhq\selenium\htmlunit-driver\2.27\htmlunit-driver-2.27.jar;E:\apache-maven-3.5.0\.m2\org\apache\maven\surefire\surefire-testng-utils\2.20.1\surefire-testng-utils-2.20.1.jar;E:\apache-maven-3.5.0\.m2\org\apache\maven\surefire\surefire-grouper\2.20.1\surefire-grouper-2.20.1.jar;"/>
    <property name="java.vm.vendor" value="Oracle Corporation"/>
    <property name="sun.arch.data.model" value="64"/>
    <property name="user.variant" value=""/>
    <property name="java.vendor.url" value="http://java.oracle.com/"/>
    <property name="user.timezone" value=""/>
    <property name="java.vm.specification.version" value="1.8"/>
    <property name="os.name" value="Windows 7"/>
    <property name="user.country" value="JP"/>
    <property name="sun.java.launcher" value="SUN_STANDARD"/>
    <property name="sun.boot.library.path" value="C:\Program Files\Java\jre1.8.0_144\bin"/>
    <property name="sun.java.command" value="C:\Users\douhao\AppData\Local\Temp\surefire8331414993006005701\surefirebooter1477191334672569828.jar C:\Users\douhao\AppData\Local\Temp\surefire8331414993006005701 2017-11-21T10-00-21_077-jvmRun1 surefire2736119778283542517tmp surefire_0737082805463085193tmp"/>
    <property name="surefire.test.class.path" value="E:\eclipseWorkSpace\TestJenkins\target\test-classes;E:\eclipseWorkSpace\TestJenkins\target\classes;E:\apache-maven-3.5.0\.m2\org\testng\testng\6.10\testng-6.10.jar;E:\apache-maven-3.5.0\.m2\com\beust\jcommander\1.48\jcommander-1.48.jar;E:\apache-maven-3.5.0\.m2\org\seleniumhq\selenium\selenium-java\3.6.0\selenium-java-3.6.0.jar;E:\apache-maven-3.5.0\.m2\org\seleniumhq\selenium\selenium-api\3.6.0\selenium-api-3.6.0.jar;E:\apache-maven-3.5.0\.m2\org\seleniumhq\selenium\selenium-chrome-driver\3.6.0\selenium-chrome-driver-3.6.0.jar;E:\apache-maven-3.5.0\.m2\org\seleniumhq\selenium\selenium-edge-driver\3.6.0\selenium-edge-driver-3.6.0.jar;E:\apache-maven-3.5.0\.m2\org\seleniumhq\selenium\selenium-firefox-driver\3.6.0\selenium-firefox-driver-3.6.0.jar;E:\apache-maven-3.5.0\.m2\org\seleniumhq\selenium\selenium-ie-driver\3.6.0\selenium-ie-driver-3.6.0.jar;E:\apache-maven-3.5.0\.m2\org\seleniumhq\selenium\selenium-opera-driver\3.6.0\selenium-opera-driver-3.6.0.jar;E:\apache-maven-3.5.0\.m2\org\seleniumhq\selenium\selenium-remote-driver\3.6.0\selenium-remote-driver-3.6.0.jar;E:\apache-maven-3.5.0\.m2\org\seleniumhq\selenium\selenium-safari-driver\3.6.0\selenium-safari-driver-3.6.0.jar;E:\apache-maven-3.5.0\.m2\org\seleniumhq\selenium\selenium-support\3.6.0\selenium-support-3.6.0.jar;E:\apache-maven-3.5.0\.m2\net\bytebuddy\byte-buddy\1.7.5\byte-buddy-1.7.5.jar;E:\apache-maven-3.5.0\.m2\org\apache\commons\commons-exec\1.3\commons-exec-1.3.jar;E:\apache-maven-3.5.0\.m2\commons-codec\commons-codec\1.10\commons-codec-1.10.jar;E:\apache-maven-3.5.0\.m2\commons-logging\commons-logging\1.2\commons-logging-1.2.jar;E:\apache-maven-3.5.0\.m2\com\google\code\gson\gson\2.8.0\gson-2.8.0.jar;E:\apache-maven-3.5.0\.m2\com\google\guava\guava\23.0\guava-23.0.jar;E:\apache-maven-3.5.0\.m2\com\google\code\findbugs\jsr305\1.3.9\jsr305-1.3.9.jar;E:\apache-maven-3.5.0\.m2\com\google\errorprone\error_prone_annotations\2.0.18\error_prone_annotations-2.0.18.jar;E:\apache-maven-3.5.0\.m2\com\google\j2objc\j2objc-annotations\1.1\j2objc-annotations-1.1.jar;E:\apache-maven-3.5.0\.m2\org\codehaus\mojo\animal-sniffer-annotations\1.14\animal-sniffer-annotations-1.14.jar;E:\apache-maven-3.5.0\.m2\org\apache\httpcomponents\httpclient\4.5.3\httpclient-4.5.3.jar;E:\apache-maven-3.5.0\.m2\org\apache\httpcomponents\httpcore\4.4.6\httpcore-4.4.6.jar;E:\apache-maven-3.5.0\.m2\net\java\dev\jna\jna\4.1.0\jna-4.1.0.jar;E:\apache-maven-3.5.0\.m2\net\java\dev\jna\jna-platform\4.1.0\jna-platform-4.1.0.jar;E:\apache-maven-3.5.0\.m2\net\sourceforge\htmlunit\htmlunit\2.27\htmlunit-2.27.jar;E:\apache-maven-3.5.0\.m2\xalan\xalan\2.7.2\xalan-2.7.2.jar;E:\apache-maven-3.5.0\.m2\xalan\serializer\2.7.2\serializer-2.7.2.jar;E:\apache-maven-3.5.0\.m2\org\apache\commons\commons-lang3\3.5\commons-lang3-3.5.jar;E:\apache-maven-3.5.0\.m2\org\apache\httpcomponents\httpmime\4.5.3\httpmime-4.5.3.jar;E:\apache-maven-3.5.0\.m2\net\sourceforge\htmlunit\htmlunit-core-js\2.27\htmlunit-core-js-2.27.jar;E:\apache-maven-3.5.0\.m2\net\sourceforge\htmlunit\neko-htmlunit\2.27\neko-htmlunit-2.27.jar;E:\apache-maven-3.5.0\.m2\xerces\xercesImpl\2.11.0\xercesImpl-2.11.0.jar;E:\apache-maven-3.5.0\.m2\xml-apis\xml-apis\1.4.01\xml-apis-1.4.01.jar;E:\apache-maven-3.5.0\.m2\net\sourceforge\cssparser\cssparser\0.9.23\cssparser-0.9.23.jar;E:\apache-maven-3.5.0\.m2\org\w3c\css\sac\1.3\sac-1.3.jar;E:\apache-maven-3.5.0\.m2\commons-io\commons-io\2.5\commons-io-2.5.jar;E:\apache-maven-3.5.0\.m2\org\eclipse\jetty\websocket\websocket-client\9.4.5.v20170502\websocket-client-9.4.5.v20170502.jar;E:\apache-maven-3.5.0\.m2\org\eclipse\jetty\jetty-util\9.4.5.v20170502\jetty-util-9.4.5.v20170502.jar;E:\apache-maven-3.5.0\.m2\org\eclipse\jetty\jetty-io\9.4.5.v20170502\jetty-io-9.4.5.v20170502.jar;E:\apache-maven-3.5.0\.m2\org\eclipse\jetty\jetty-client\9.4.5.v20170502\jetty-client-9.4.5.v20170502.jar;E:\apache-maven-3.5.0\.m2\org\eclipse\jetty\jetty-http\9.4.5.v20170502\jetty-http-9.4.5.v20170502.jar;E:\apache-maven-3.5.0\.m2\org\eclipse\jetty\websocket\websocket-common\9.4.5.v20170502\websocket-common-9.4.5.v20170502.jar;E:\apache-maven-3.5.0\.m2\org\eclipse\jetty\websocket\websocket-api\9.4.5.v20170502\websocket-api-9.4.5.v20170502.jar;E:\apache-maven-3.5.0\.m2\org\seleniumhq\selenium\htmlunit-driver\2.27\htmlunit-driver-2.27.jar;E:\apache-maven-3.5.0\.m2\org\apache\maven\surefire\surefire-testng-utils\2.20.1\surefire-testng-utils-2.20.1.jar;E:\apache-maven-3.5.0\.m2\org\apache\maven\surefire\surefire-grouper\2.20.1\surefire-grouper-2.20.1.jar;"/>
    <property name="sun.cpu.endian" value="little"/>
    <property name="user.home" value="C:\Users\douhao"/>
    <property name="user.language" value="ja"/>
    <property name="java.specification.vendor" value="Oracle Corporation"/>
    <property name="java.home" value="C:\Program Files\Java\jre1.8.0_144"/>
    <property name="basedir" value="E:\eclipseWorkSpace\TestJenkins"/>
    <property name="file.separator" value="\"/>
    <property name="line.separator" value="&#10;"/>
    <property name="java.vm.specification.vendor" value="Oracle Corporation"/>
    <property name="java.specification.name" value="Java Platform API Specification"/>
    <property name="java.awt.graphicsenv" value="sun.awt.Win32GraphicsEnvironment"/>
    <property name="surefire.real.class.path" value="C:\Users\douhao\AppData\Local\Temp\surefire8331414993006005701\surefirebooter1477191334672569828.jar"/>
    <property name="sun.boot.class.path" value="C:\Program Files\Java\jre1.8.0_144\lib\resources.jar;C:\Program Files\Java\jre1.8.0_144\lib\rt.jar;C:\Program Files\Java\jre1.8.0_144\lib\sunrsasign.jar;C:\Program Files\Java\jre1.8.0_144\lib\jsse.jar;C:\Program Files\Java\jre1.8.0_144\lib\jce.jar;C:\Program Files\Java\jre1.8.0_144\lib\charsets.jar;C:\Program Files\Java\jre1.8.0_144\lib\jfr.jar;C:\Program Files\Java\jre1.8.0_144\classes"/>
    <property name="user.script" value=""/>
    <property name="sun.management.compiler" value="HotSpot 64-Bit Tiered Compilers"/>
    <property name="java.runtime.version" value="1.8.0_144-b01"/>
    <property name="user.name" value="douhao"/>
    <property name="path.separator" value=";"/>
    <property name="os.version" value="6.1"/>
    <property name="java.endorsed.dirs" value="C:\Program Files\Java\jre1.8.0_144\lib\endorsed"/>
    <property name="java.runtime.name" value="Java(TM) SE Runtime Environment"/>
    <property name="file.encoding" value="MS932"/>
    <property name="java.vm.name" value="Java HotSpot(TM) 64-Bit Server VM"/>
    <property name="localRepository" value="E:\apache-maven-3.5.0\.m2"/>
    <property name="java.vendor.url.bug" value="http://bugreport.sun.com/bugreport/"/>
    <property name="java.io.tmpdir" value="C:\Users\douhao\AppData\Local\Temp\"/>
    <property name="java.version" value="1.8.0_144"/>
    <property name="user.dir" value="E:\eclipseWorkSpace\TestJenkins"/>
    <property name="os.arch" value="amd64"/>
    <property name="java.vm.specification.name" value="Java Virtual Machine Specification"/>
    <property name="java.awt.printerjob" value="sun.awt.windows.WPrinterJob"/>
    <property name="sun.os.patch.level" value="Service Pack 1"/>
    <property name="java.library.path" value="C:\Program Files\Java\jre1.8.0_144\bin;C:\Windows\Sun\Java\bin;C:\Windows\system32;C:\Windows;C:/Program Files/Java/jre1.8.0_144/bin/server;C:/Program Files/Java/jre1.8.0_144/bin;C:/Program Files/Java/jre1.8.0_144/lib/amd64;C:\Program Files (x86)\Intel\iCLS Client\;C:\Program Files\Intel\iCLS Client\;C:\Windows\system32;C:\Windows;C:\Windows\System32\Wbem;C:\Windows\System32\WindowsPowerShell\v1.0\;C:\Program Files\Intel\Intel(R) Management Engine Components\DAL;C:\Program Files (x86)\Intel\Intel(R) Management Engine Components\DAL;C:\Program Files\Intel\Intel(R) Management Engine Components\IPT;C:\Program Files (x86)\Intel\Intel(R) Management Engine Components\IPT;C:\Program Files (x86)\TortoiseSVN\bin;D:\mysql\bin;C:\Program Files\Java\jdk1.8.0_144\bin;C:\Program Files\Java\jdk1.8.0_144\jre\bin;E:\apache-maven-3.5.0\bin;C:\Program Files\nodejs\;E:\openshift-origin-client-tools-v1.5.1-7b451fc-windows;C:\Program Files\Git\cmd;C:\Users\douhao\AppData\Roaming\npm;E:\eclipse;;."/>
    <property name="java.vm.info" value="mixed mode"/>
    <property name="java.vendor" value="Oracle Corporation"/>
    <property name="java.vm.version" value="25.144-b01"/>
    <property name="java.ext.dirs" value="C:\Program Files\Java\jre1.8.0_144\lib\ext;C:\Windows\Sun\Java\lib\ext"/>
    <property name="sun.io.unicode.encoding" value="UnicodeLittle"/>
    <property name="java.class.version" value="52.0"/>
  </properties>
  <testcase name="calculatepercent" classname="org.testJenkins.TestGrid" time="0.177"/>
</testsuite>