<?xml version="1.0" encoding="UTF-8"?>
<!-- Generated by org.testng.reporters.JUnitReportReporter -->
<testsuite name="org.testJenkins.TestHtmlUnit" tests="1" time="2.529" ignored="0" failures="0" timestamp="03 11 2017 09:16:28 GMT" skipped="0" hostname="douhao-PC" errors="0">
  <testcase name="testContent" time="2.529" classname="org.testJenkins.TestHtmlUnit"/>
</testsuite> <!-- org.testJenkins.TestHtmlUnit -->
